

times in msec
 clock   self+sourced   self:  sourced script
 clock   elapsed:              other lines

000.010  000.010: --- NVIM STARTING ---
000.942  000.932: locale set
009.217  008.275: inits 1
009.281  000.064: window checked
009.293  000.012: parsing arguments
009.795  000.502: expanding arguments
009.932  000.136: inits 2
010.498  000.566: init highlight
010.502  000.004: waiting for UI
013.624  003.122: done waiting for UI
013.650  000.026: initialized screen early for UI
023.916  000.437  000.437: sourcing /Users/sam/.local/share/nvim/site/pack/packer/opt/dashboard-nvim/plugin/dashboard.vim
024.468  010.177  009.740: sourcing /Users/sam/.config/nvim/init.lua
024.581  000.754: sourcing vimrc file(s)
035.117  000.036  000.036: sourcing /Users/sam/.local/share/nvim/site/pack/packer/start/nvim-treesitter/ftdetect/gdscript.vim
035.255  000.036  000.036: sourcing /Users/sam/.local/share/nvim/site/pack/packer/start/nvim-treesitter/ftdetect/gomod.vim
035.387  000.039  000.039: sourcing /Users/sam/.local/share/nvim/site/pack/packer/start/nvim-treesitter/ftdetect/hcl.vim
035.517  000.041  000.041: sourcing /Users/sam/.local/share/nvim/site/pack/packer/start/nvim-treesitter/ftdetect/query.vim
035.763  000.055  000.055: sourcing /Users/sam/.local/share/nvim/site/pack/packer/start/nvim-treesitter/ftdetect/yang.vim
039.860  015.043  014.835: sourcing /usr/local/Cellar/neovim/0.5.0/share/nvim/runtime/filetype.vim
041.462  000.115  000.115: sourcing /usr/local/Cellar/neovim/0.5.0/share/nvim/runtime/ftplugin.vim
042.946  000.143  000.143: sourcing /usr/local/Cellar/neovim/0.5.0/share/nvim/runtime/indent.vim
044.961  000.522  000.522: sourcing /usr/local/Cellar/neovim/0.5.0/share/nvim/runtime/syntax/syncolor.vim
045.932  001.738  001.216: sourcing /usr/local/Cellar/neovim/0.5.0/share/nvim/runtime/syntax/synload.vim
046.063  002.085  000.347: sourcing /usr/local/Cellar/neovim/0.5.0/share/nvim/runtime/syntax/syntax.vim
053.853  000.074  000.074: sourcing /Users/sam/.local/share/nvim/site/pack/packer/opt/dashboard-nvim/plugin/dashboard.vim
056.231  000.892  000.892: sourcing /usr/local/Cellar/neovim/0.5.0/share/nvim/runtime/plugin/gzip.vim
057.113  000.136  000.136: sourcing /usr/local/Cellar/neovim/0.5.0/share/nvim/runtime/plugin/health.vim
057.610  000.357  000.357: sourcing /usr/local/Cellar/neovim/0.5.0/share/nvim/runtime/plugin/man.vim
060.458  000.271  000.271: sourcing /usr/local/Cellar/neovim/0.5.0/share/nvim/runtime/pack/dist/opt/matchit/plugin/matchit.vim
060.786  003.048  002.777: sourcing /usr/local/Cellar/neovim/0.5.0/share/nvim/runtime/plugin/matchit.vim
061.115  000.229  000.229: sourcing /usr/local/Cellar/neovim/0.5.0/share/nvim/runtime/plugin/matchparen.vim
062.093  000.874  000.874: sourcing /usr/local/Cellar/neovim/0.5.0/share/nvim/runtime/plugin/netrwPlugin.vim
062.701  000.025  000.025: sourcing /Users/sam/.local/share/nvim/rplugin.vim
062.715  000.365  000.340: sourcing /usr/local/Cellar/neovim/0.5.0/share/nvim/runtime/plugin/rplugin.vim
063.097  000.273  000.273: sourcing /usr/local/Cellar/neovim/0.5.0/share/nvim/runtime/plugin/shada.vim
063.263  000.048  000.048: sourcing /usr/local/Cellar/neovim/0.5.0/share/nvim/runtime/plugin/spellfile.vim
063.588  000.212  000.212: sourcing /usr/local/Cellar/neovim/0.5.0/share/nvim/runtime/plugin/tarPlugin.vim
063.894  000.190  000.190: sourcing /usr/local/Cellar/neovim/0.5.0/share/nvim/runtime/plugin/tohtml.vim
064.047  000.041  000.041: sourcing /usr/local/Cellar/neovim/0.5.0/share/nvim/runtime/plugin/tutor.vim
064.429  000.275  000.275: sourcing /usr/local/Cellar/neovim/0.5.0/share/nvim/runtime/plugin/zipPlugin.vim
065.647  016.666: loading plugins
067.349  000.680  000.680: sourcing /Users/sam/.local/share/nvim/site/pack/packer/start/auto-pairs/plugin/auto-pairs.vim
068.156  000.101  000.101: sourcing /Users/sam/.local/share/nvim/site/pack/packer/start/formatter.nvim/plugin/formatter.vim
069.029  000.159  000.159: sourcing /Users/sam/.local/share/nvim/site/pack/packer/start/lazygit.nvim/plugin/lazygit.vim
070.139  000.406  000.406: sourcing /Users/sam/.local/share/nvim/site/pack/packer/start/lspsaga.nvim/plugin/lspsaga.vim
071.575  000.296  000.296: sourcing /Users/sam/.local/share/nvim/site/pack/packer/start/nvim-compe/plugin/compe.vim
084.484  012.209  012.209: sourcing /Users/sam/.local/share/nvim/site/pack/packer/start/nvim-lspconfig/plugin/lspconfig.vim
085.567  000.189  000.189: sourcing /Users/sam/.local/share/nvim/site/pack/packer/start/nvim-lspinstall/plugin/lspinstall.vim
095.296  009.133  009.133: sourcing /Users/sam/.local/share/nvim/site/pack/packer/start/nvim-treesitter/plugin/nvim-treesitter.vim
095.892  000.038  000.038: sourcing /Users/sam/.local/share/nvim/site/pack/packer/start/nvim-treesitter/ftdetect/gdscript.vim
096.027  000.035  000.035: sourcing /Users/sam/.local/share/nvim/site/pack/packer/start/nvim-treesitter/ftdetect/gomod.vim
096.336  000.078  000.078: sourcing /Users/sam/.local/share/nvim/site/pack/packer/start/nvim-treesitter/ftdetect/hcl.vim
096.509  000.052  000.052: sourcing /Users/sam/.local/share/nvim/site/pack/packer/start/nvim-treesitter/ftdetect/query.vim
096.643  000.028  000.028: sourcing /Users/sam/.local/share/nvim/site/pack/packer/start/nvim-treesitter/ftdetect/yang.vim
097.333  000.083  000.083: sourcing /Users/sam/.local/share/nvim/site/pack/packer/start/nvim-web-devicons/plugin/nvim-web-devicons.vim
098.096  000.059  000.059: sourcing /Users/sam/.local/share/nvim/site/pack/packer/start/plenary.nvim/plugin/plenary.vim
100.599  001.852  001.852: sourcing /Users/sam/.local/share/nvim/site/pack/packer/start/symbols-outline.nvim/plugin/symbols-outline.vim
101.747  000.553  000.553: sourcing /Users/sam/.local/share/nvim/site/pack/packer/start/telescope.nvim/plugin/telescope.vim
103.019  000.389  000.389: sourcing /Users/sam/.local/share/nvim/site/pack/packer/start/trouble.nvim/plugin/trouble.vim
103.847  000.232  000.232: sourcing /Users/sam/.local/share/nvim/site/pack/packer/start/vim-commentary/plugin/commentary.vim
104.418  000.037  000.037: sourcing /Users/sam/.local/share/nvim/site/pack/packer/start/which-key.nvim/plugin/which-key.vim
104.890  012.636: loading packages
105.564  000.322  000.322: sourcing /Users/sam/.local/share/nvim/site/pack/packer/start/nvim-compe/after/plugin/compe.vim
106.592  001.380: loading after plugins
106.610  000.018: inits 3
109.571  002.961: reading ShaDa
115.478  005.907: opening buffers
117.313  001.835: BufEnter autocommands
117.320  000.007: editing files in windows
118.061  000.215  000.215: sourcing /Users/sam/.local/share/nvim/site/pack/packer/opt/dashboard-nvim/autoload/dashboard.vim
118.655  000.053  000.053: sourcing /Users/sam/.local/share/nvim/site/pack/packer/opt/dashboard-nvim/autoload/dashboard/utils.vim
119.371  000.173  000.173: sourcing /Users/sam/.local/share/nvim/site/pack/packer/opt/dashboard-nvim/autoload/dashboard/section.vim
130.652  000.158  000.158: sourcing /Users/sam/.local/share/nvim/site/pack/packer/opt/dashboard-nvim/syntax/dashboard.vim
134.211  016.292: VimEnter autocommands
134.218  000.007: UIEnter autocommands
134.220  000.002: before starting main loop
136.194  001.974: first screen update
136.198  000.004: --- NVIM STARTED ---
